
# 2025-08-07 16:43:17
mpiexec  -n 1  src/start.x 

# 2025-08-07 16:43:45
mpiexec  -n 1  src/start.x 

# 2025-08-07 16:43:47
mpiexec  -n 1  src/run.x 

# 2025-08-07 16:45:30
mpiexec  -n 1  src/start.x 

# 2025-08-07 16:45:33
mpiexec  -n 1  src/run.x 

# 2025-08-07 16:46:00
mpiexec  -n 1  src/start.x 

# 2025-08-07 16:46:17
mpiexec  -n 1  src/start.x 

# 2025-08-07 16:46:21
mpiexec  -n 1  src/run.x 

# 2025-08-07 16:48:52
mpiexec  -n 1  src/start.x 

# 2025-08-07 16:48:55
mpiexec  -n 1  src/run.x 

# 2025-08-07 17:24:04
mpiexec  -n 1  src/start.x 

# 2025-08-07 17:24:06
mpiexec  -n 1  src/run.x 

# 2025-08-07 17:26:24
mpiexec  -n 1  src/start.x 

# 2025-08-07 17:26:38
mpiexec  -n 1  src/run.x 

# 2025-08-07 17:27:24
mpiexec  -n 1  src/start.x 

# 2025-08-07 17:27:26
mpiexec  -n 1  src/run.x 

# 2025-08-07 17:29:37
mpiexec  -n 1  src/start.x 

# 2025-08-07 17:29:39
mpiexec  -n 1  src/run.x 

# 2025-08-07 17:30:16
mpiexec  -n 1  src/start.x 

# 2025-08-07 17:30:19
mpiexec  -n 1  src/run.x 

# 2025-08-07 17:30:47
mpiexec  -n 1  src/start.x 

# 2025-08-07 17:30:50
mpiexec  -n 1  src/run.x 

# 2025-08-07 17:32:12
mpiexec  -n 1  src/run.x 

# 2025-08-07 17:32:28
mpiexec  -n 1  src/run.x 

# 2025-08-07 17:32:30
mpiexec  -n 1  src/run.x 

# 2025-08-07 17:33:19
mpiexec  -n 1  src/run.x 

# 2025-08-07 17:33:25
mpiexec  -n 1  src/run.x 

# 2025-08-07 17:34:14
mpiexec  -n 1  src/run.x 

# 2025-08-07 17:34:29
mpiexec  -n 1  src/run.x 

# 2025-08-07 17:34:38
mpiexec  -n 1  src/run.x 

# 2025-08-07 17:34:43
mpiexec  -n 1  src/run.x 

# 2025-08-07 17:34:49
mpiexec  -n 1  src/run.x 

# 2025-08-07 17:35:01
mpiexec  -n 1  src/start.x 

# 2025-08-07 17:35:03
mpiexec  -n 1  src/run.x 

# 2025-08-07 17:35:10
mpiexec  -n 1  src/start.x 

# 2025-08-07 17:35:12
mpiexec  -n 1  src/run.x 

# 2025-08-07 17:35:25
mpiexec  -n 1  src/start.x 

# 2025-08-07 17:35:27
mpiexec  -n 1  src/run.x 

# 2025-08-07 17:38:13
# copied from '/home/brandenb/data/murman/CME/5012/1D/128a'

# 2025-08-07 17:39:32
mpiexec  -n 1  src/start.x 

# 2025-08-07 17:40:46
mpiexec  -n 1  src/start.x 

# 2025-08-07 17:40:50
mpiexec  -n 1  src/run.x 

# 2025-08-07 17:41:56
mpiexec  -n 1  src/run.x 

# 2025-08-07 12:13:51
/home/mgurgeni/pencil-code/bin/pc_build 
# make '-j' 'FFLAGS_DOUBLE=-fdefault-real-8 -fdefault-double-8' 'CFLAGS_DOUBLE=-DDOUBLE_PRECISION' 'LD_MPI=' 'CFLAGS_FFTW3=' 'FFLAGS_FFTW3=' 'LD_FFTW3=' 'CFLAGS_FFTW2=' 'FFLAGS_FFTW2=' 'LD_FFTW2=' 'FC=mpif90' 'F77=mpif77' 'FFLAGS=-O' 'LDFLAGS_HELPER=-dynamic' 'OMPFFLAGS=-fopenmp' 'OMPLFLAGS=-lgomp' 'PPFLAGS=-cpp' 'FSTD_95=-std=f95' 'FSTD_2003=-std=f2003' 'MODULE_PREFIX=__' 'MODULE_INFIX=_MOD_' 'MODULE_SUFFIX=' 'CC=mpicc' 'CFLAGS=-DFUNDERSC=1' 'default_to_be'

# 2025-08-07 12:14:30
mpiexec -n 1 ./src/run.x

# 2025-08-07 12:14:36
mpiexec -n 1 ./src/start.x

# 2025-08-07 12:14:40
mpiexec -n 1 ./src/run.x

# 2025-08-07 16:00:04
/home/mgurgeni/pencil-code/bin/pc_build 
# make '-j' 'FFLAGS_DOUBLE=-fdefault-real-8 -fdefault-double-8' 'CFLAGS_DOUBLE=-DDOUBLE_PRECISION' 'LD_MPI=' 'CFLAGS_FFTW3=' 'FFLAGS_FFTW3=' 'LD_FFTW3=' 'CFLAGS_FFTW2=' 'FFLAGS_FFTW2=' 'LD_FFTW2=' 'FC=mpif90' 'F77=mpif77' 'FFLAGS=-O' 'LDFLAGS_HELPER=-dynamic' 'OMPFFLAGS=-fopenmp' 'OMPLFLAGS=-lgomp' 'PPFLAGS=-cpp' 'FSTD_95=-std=f95' 'FSTD_2003=-std=f2003' 'MODULE_PREFIX=__' 'MODULE_INFIX=_MOD_' 'MODULE_SUFFIX=' 'CC=mpicc' 'CFLAGS=-DFUNDERSC=1' 'default_to_be'

# 2025-08-07 16:01:17
mpiexec -n 1 ./src/start.x

# 2025-08-07 16:01:24
mpiexec -n 1 ./src/run.x

# 2025-08-07 16:01:46
mpiexec -n 1 ./src/run.x

# 2025-08-07 16:02:14
mpiexec -n 1 ./src/run.x

# 2025-08-07 16:07:19
/home/mgurgeni/pencil-code/bin/pc_build 
# make '-j' 'FFLAGS_DOUBLE=-fdefault-real-8 -fdefault-double-8' 'CFLAGS_DOUBLE=-DDOUBLE_PRECISION' 'LD_MPI=' 'CFLAGS_FFTW3=' 'FFLAGS_FFTW3=' 'LD_FFTW3=' 'CFLAGS_FFTW2=' 'FFLAGS_FFTW2=' 'LD_FFTW2=' 'FC=mpif90' 'F77=mpif77' 'FFLAGS=-O' 'LDFLAGS_HELPER=-dynamic' 'OMPFFLAGS=-fopenmp' 'OMPLFLAGS=-lgomp' 'PPFLAGS=-cpp' 'FSTD_95=-std=f95' 'FSTD_2003=-std=f2003' 'MODULE_PREFIX=__' 'MODULE_INFIX=_MOD_' 'MODULE_SUFFIX=' 'CC=mpicc' 'CFLAGS=-DFUNDERSC=1' 'default_to_be'

# 2025-08-07 16:07:41
mpiexec -n 1 ./src/start.x

# 2025-08-07 16:07:45
mpiexec -n 1 ./src/run.x

# 2025-08-07 16:08:07
mpiexec -n 1 ./src/run.x

# 2025-08-07 16:18:43
/home/mgurgeni/pencil-code/bin/pc_build 
# make '-j' 'FFLAGS_DOUBLE=-fdefault-real-8 -fdefault-double-8' 'CFLAGS_DOUBLE=-DDOUBLE_PRECISION' 'LD_MPI=' 'CFLAGS_FFTW3=' 'FFLAGS_FFTW3=' 'LD_FFTW3=' 'CFLAGS_FFTW2=' 'FFLAGS_FFTW2=' 'LD_FFTW2=' 'FC=mpif90' 'F77=mpif77' 'FFLAGS=-O' 'LDFLAGS_HELPER=-dynamic' 'OMPFFLAGS=-fopenmp' 'OMPLFLAGS=-lgomp' 'PPFLAGS=-cpp' 'FSTD_95=-std=f95' 'FSTD_2003=-std=f2003' 'MODULE_PREFIX=__' 'MODULE_INFIX=_MOD_' 'MODULE_SUFFIX=' 'CC=mpicc' 'CFLAGS=-DFUNDERSC=1' 'default_to_be'

# 2025-08-07 16:19:19
mpiexec -n 1 ./src/start.x

# 2025-08-07 16:19:23
mpiexec -n 1 ./src/run.x

# 2025-08-07 16:19:27
mpiexec -n 1 ./src/run.x

# 2025-08-07 16:20:39
mpiexec -n 1 ./src/run.x

# 2025-08-07 16:20:48
mpiexec -n 1 ./src/run.x

# 2025-08-07 16:21:17
mpiexec -n 1 ./src/run.x

# 2025-08-07 17:35:54
/home/mgurgeni/pencil-code/bin/pc_build 
# make '-j' 'FFLAGS_DOUBLE=-fdefault-real-8 -fdefault-double-8' 'CFLAGS_DOUBLE=-DDOUBLE_PRECISION' 'LD_MPI=' 'CFLAGS_FFTW3=' 'FFLAGS_FFTW3=' 'LD_FFTW3=' 'CFLAGS_FFTW2=' 'FFLAGS_FFTW2=' 'LD_FFTW2=' 'FC=mpif90' 'F77=mpif77' 'FFLAGS=-O' 'LDFLAGS_HELPER=-dynamic' 'OMPFFLAGS=-fopenmp' 'OMPLFLAGS=-lgomp' 'PPFLAGS=-cpp' 'FSTD_95=-std=f95' 'FSTD_2003=-std=f2003' 'MODULE_PREFIX=__' 'MODULE_INFIX=_MOD_' 'MODULE_SUFFIX=' 'CC=mpicc' 'CFLAGS=-DFUNDERSC=1' 'default_to_be'

# 2025-08-07 17:36:43
mpiexec -n 1 ./src/start.x

# 2025-08-07 17:36:47
mpiexec -n 1 ./src/run.x

# 2025-08-07 17:36:50
mpiexec -n 1 ./src/run.x

# 2025-08-07 17:37:19
mpiexec -n 1 ./src/run.x

# 2025-08-07 17:41:15
/home/mgurgeni/pencil-code/bin/pc_build 
# make '-j' 'FFLAGS_DOUBLE=-fdefault-real-8 -fdefault-double-8' 'CFLAGS_DOUBLE=-DDOUBLE_PRECISION' 'LD_MPI=' 'CFLAGS_FFTW3=' 'FFLAGS_FFTW3=' 'LD_FFTW3=' 'CFLAGS_FFTW2=' 'FFLAGS_FFTW2=' 'LD_FFTW2=' 'FC=mpif90' 'F77=mpif77' 'FFLAGS=-O' 'LDFLAGS_HELPER=-dynamic' 'OMPFFLAGS=-fopenmp' 'OMPLFLAGS=-lgomp' 'PPFLAGS=-cpp' 'FSTD_95=-std=f95' 'FSTD_2003=-std=f2003' 'MODULE_PREFIX=__' 'MODULE_INFIX=_MOD_' 'MODULE_SUFFIX=' 'CC=mpicc' 'CFLAGS=-DFUNDERSC=1' 'default_to_be'

# 2025-08-07 17:41:22
mpiexec -n 1 ./src/start.x

# 2025-08-07 17:41:24
mpiexec -n 1 ./src/run.x

# 2025-08-07 17:41:36
/home/mgurgeni/pencil-code/bin/pc_build 
# make '-j' 'FFLAGS_DOUBLE=-fdefault-real-8 -fdefault-double-8' 'CFLAGS_DOUBLE=-DDOUBLE_PRECISION' 'LD_MPI=' 'CFLAGS_FFTW3=' 'FFLAGS_FFTW3=' 'LD_FFTW3=' 'CFLAGS_FFTW2=' 'FFLAGS_FFTW2=' 'LD_FFTW2=' 'FC=mpif90' 'F77=mpif77' 'FFLAGS=-O' 'LDFLAGS_HELPER=-dynamic' 'OMPFFLAGS=-fopenmp' 'OMPLFLAGS=-lgomp' 'PPFLAGS=-cpp' 'FSTD_95=-std=f95' 'FSTD_2003=-std=f2003' 'MODULE_PREFIX=__' 'MODULE_INFIX=_MOD_' 'MODULE_SUFFIX=' 'CC=mpicc' 'CFLAGS=-DFUNDERSC=1' 'default_to_be'

# 2025-08-07 17:41:40
mpiexec -n 1 ./src/start.x

# 2025-08-07 17:42:05
mpiexec -n 1 ./src/run.x

# 2025-08-07 17:42:29
mpiexec -n 1 ./src/run.x

# 2025-08-08 09:54:47
/home/mgurgeni/pencil-code/bin/pc_build 
# make '-j' 'FFLAGS_DOUBLE=-fdefault-real-8 -fdefault-double-8' 'CFLAGS_DOUBLE=-DDOUBLE_PRECISION' 'LD_MPI=' 'CFLAGS_FFTW3=' 'FFLAGS_FFTW3=' 'LD_FFTW3=' 'CFLAGS_FFTW2=' 'FFLAGS_FFTW2=' 'LD_FFTW2=' 'FC=mpif90' 'F77=mpif77' 'FFLAGS=-O' 'LDFLAGS_HELPER=-dynamic' 'OMPFFLAGS=-fopenmp' 'OMPLFLAGS=-lgomp' 'PPFLAGS=-cpp' 'FSTD_95=-std=f95' 'FSTD_2003=-std=f2003' 'MODULE_PREFIX=__' 'MODULE_INFIX=_MOD_' 'MODULE_SUFFIX=' 'CC=mpicc' 'CFLAGS=-DFUNDERSC=1' 'default_to_be'

# 2025-08-08 09:56:14
/home/mgurgeni/pencil-code/bin/pc_build 
# make '-j' 'FFLAGS_DOUBLE=-fdefault-real-8 -fdefault-double-8' 'CFLAGS_DOUBLE=-DDOUBLE_PRECISION' 'LD_MPI=' 'CFLAGS_FFTW3=' 'FFLAGS_FFTW3=' 'LD_FFTW3=' 'CFLAGS_FFTW2=' 'FFLAGS_FFTW2=' 'LD_FFTW2=' 'FC=mpif90' 'F77=mpif77' 'FFLAGS=-O' 'LDFLAGS_HELPER=-dynamic' 'OMPFFLAGS=-fopenmp' 'OMPLFLAGS=-lgomp' 'PPFLAGS=-cpp' 'FSTD_95=-std=f95' 'FSTD_2003=-std=f2003' 'MODULE_PREFIX=__' 'MODULE_INFIX=_MOD_' 'MODULE_SUFFIX=' 'CC=mpicc' 'CFLAGS=-DFUNDERSC=1' 'default_to_be'

# 2025-08-08 09:56:21
mpiexec -n 1 ./src/start.x

# 2025-08-08 09:56:24
mpiexec -n 1 ./src/run.x

# 2025-08-08 09:56:28
mpiexec -n 1 ./src/run.x

# 2025-08-08 09:56:55
mpiexec -n 1 ./src/run.x

# 2025-08-08 09:57:58
mpiexec -n 1 ./src/run.x

# 2025-08-08 10:09:08
mpiexec -n 1 ./src/run.x

# 2025-08-12 09:36:20
/home/mgurgeni/pencil-code/bin/pc_build 
# make '-j' 'FFLAGS_DOUBLE=-fdefault-real-8 -fdefault-double-8' 'CFLAGS_DOUBLE=-DDOUBLE_PRECISION' 'LD_MPI=' 'CFLAGS_FFTW3=' 'FFLAGS_FFTW3=' 'LD_FFTW3=' 'CFLAGS_FFTW2=' 'FFLAGS_FFTW2=' 'LD_FFTW2=' 'FC=mpif90' 'F77=mpif77' 'FFLAGS=-O' 'LDFLAGS_HELPER=-dynamic' 'OMPFFLAGS=-fopenmp' 'OMPLFLAGS=-lgomp' 'PPFLAGS=-cpp' 'FSTD_95=-std=f95' 'FSTD_2003=-std=f2003' 'MODULE_PREFIX=__' 'MODULE_INFIX=_MOD_' 'MODULE_SUFFIX=' 'CC=mpicc' 'CFLAGS=-DFUNDERSC=1' 'default_to_be'

# 2025-08-12 09:36:56
mpiexec -n 1 ./src/start.x

# 2025-08-12 09:37:00
mpiexec -n 1 ./src/run.x

# 2025-08-12 09:37:28
mpiexec -n 1 ./src/run.x

# 2025-08-12 09:37:50
mpiexec -n 1 ./src/run.x

# 2025-08-12 09:38:44
/home/mgurgeni/pencil-code/bin/pc_build 
# make '-j' 'FFLAGS_DOUBLE=-fdefault-real-8 -fdefault-double-8' 'CFLAGS_DOUBLE=-DDOUBLE_PRECISION' 'LD_MPI=' 'CFLAGS_FFTW3=' 'FFLAGS_FFTW3=' 'LD_FFTW3=' 'CFLAGS_FFTW2=' 'FFLAGS_FFTW2=' 'LD_FFTW2=' 'FC=mpif90' 'F77=mpif77' 'FFLAGS=-O' 'LDFLAGS_HELPER=-dynamic' 'OMPFFLAGS=-fopenmp' 'OMPLFLAGS=-lgomp' 'PPFLAGS=-cpp' 'FSTD_95=-std=f95' 'FSTD_2003=-std=f2003' 'MODULE_PREFIX=__' 'MODULE_INFIX=_MOD_' 'MODULE_SUFFIX=' 'CC=mpicc' 'CFLAGS=-DFUNDERSC=1' 'default_to_be'

# 2025-08-12 09:38:51
mpiexec -n 1 ./src/start.x

# 2025-08-12 09:39:12
mpiexec -n 1 ./src/run.x

# 2025-08-12 09:39:24
mpiexec -n 1 ./src/run.x

# 2025-08-12 09:39:49
mpiexec -n 1 ./src/run.x

# 2025-08-12 09:40:45
mpiexec -n 1 ./src/run.x

# 2025-08-12 16:25:26
mpiexec -n 1 ./src/run.x

# 2025-08-12 16:26:15
/home/mgurgeni/pencil-code/bin/pc_build 
# make '-j' 'FFLAGS_DOUBLE=-fdefault-real-8 -fdefault-double-8' 'CFLAGS_DOUBLE=-DDOUBLE_PRECISION' 'LD_MPI=' 'CFLAGS_FFTW3=' 'FFLAGS_FFTW3=' 'LD_FFTW3=' 'CFLAGS_FFTW2=' 'FFLAGS_FFTW2=' 'LD_FFTW2=' 'FC=mpif90' 'F77=mpif77' 'FFLAGS=-O' 'LDFLAGS_HELPER=-dynamic' 'OMPFFLAGS=-fopenmp' 'OMPLFLAGS=-lgomp' 'PPFLAGS=-cpp' 'FSTD_95=-std=f95' 'FSTD_2003=-std=f2003' 'MODULE_PREFIX=__' 'MODULE_INFIX=_MOD_' 'MODULE_SUFFIX=' 'CC=mpicc' 'CFLAGS=-DFUNDERSC=1' 'default_to_be'

# 2025-08-12 16:26:20
mpiexec -n 1 ./src/start.x

# 2025-08-12 16:26:22
mpiexec -n 1 ./src/run.x

# 2025-08-12 16:32:37
mpiexec -n 1 ./src/run.x

# 2025-08-12 16:39:06
mpiexec -n 1 ./src/run.x

# 2025-08-12 16:50:28
/home/mgurgeni/pencil-code/bin/pc_build 
# make '-j' 'FFLAGS_DOUBLE=-fdefault-real-8 -fdefault-double-8' 'CFLAGS_DOUBLE=-DDOUBLE_PRECISION' 'LD_MPI=' 'CFLAGS_FFTW3=' 'FFLAGS_FFTW3=' 'LD_FFTW3=' 'CFLAGS_FFTW2=' 'FFLAGS_FFTW2=' 'LD_FFTW2=' 'FC=mpif90' 'F77=mpif77' 'FFLAGS=-O' 'LDFLAGS_HELPER=-dynamic' 'OMPFFLAGS=-fopenmp' 'OMPLFLAGS=-lgomp' 'PPFLAGS=-cpp' 'FSTD_95=-std=f95' 'FSTD_2003=-std=f2003' 'MODULE_PREFIX=__' 'MODULE_INFIX=_MOD_' 'MODULE_SUFFIX=' 'CC=mpicc' 'CFLAGS=-DFUNDERSC=1' 'default_to_be'

# 2025-08-12 16:50:32
mpiexec -n 1 ./src/start.x

# 2025-08-12 16:50:37
mpiexec -n 1 ./src/run.x

# 2025-08-12 16:56:52
mpiexec -n 1 ./src/run.x

# 2025-08-12 16:58:01
/home/mgurgeni/pencil-code/bin/pc_build 
# make '-j' 'FFLAGS_DOUBLE=-fdefault-real-8 -fdefault-double-8' 'CFLAGS_DOUBLE=-DDOUBLE_PRECISION' 'LD_MPI=' 'CFLAGS_FFTW3=' 'FFLAGS_FFTW3=' 'LD_FFTW3=' 'CFLAGS_FFTW2=' 'FFLAGS_FFTW2=' 'LD_FFTW2=' 'FC=mpif90' 'F77=mpif77' 'FFLAGS=-O' 'LDFLAGS_HELPER=-dynamic' 'OMPFFLAGS=-fopenmp' 'OMPLFLAGS=-lgomp' 'PPFLAGS=-cpp' 'FSTD_95=-std=f95' 'FSTD_2003=-std=f2003' 'MODULE_PREFIX=__' 'MODULE_INFIX=_MOD_' 'MODULE_SUFFIX=' 'CC=mpicc' 'CFLAGS=-DFUNDERSC=1' 'default_to_be'

# 2025-08-12 16:58:03
mpiexec -n 1 ./src/start.x

# 2025-08-12 16:58:06
mpiexec -n 1 ./src/run.x

# 2025-08-12 17:10:56
/home/mgurgeni/pencil-code/bin/pc_build 
# make '-j' 'FFLAGS_DOUBLE=-fdefault-real-8 -fdefault-double-8' 'CFLAGS_DOUBLE=-DDOUBLE_PRECISION' 'LD_MPI=' 'CFLAGS_FFTW3=' 'FFLAGS_FFTW3=' 'LD_FFTW3=' 'CFLAGS_FFTW2=' 'FFLAGS_FFTW2=' 'LD_FFTW2=' 'FC=mpif90' 'F77=mpif77' 'FFLAGS=-O' 'LDFLAGS_HELPER=-dynamic' 'OMPFFLAGS=-fopenmp' 'OMPLFLAGS=-lgomp' 'PPFLAGS=-cpp' 'FSTD_95=-std=f95' 'FSTD_2003=-std=f2003' 'MODULE_PREFIX=__' 'MODULE_INFIX=_MOD_' 'MODULE_SUFFIX=' 'CC=mpicc' 'CFLAGS=-DFUNDERSC=1' 'default_to_be'

# 2025-08-12 17:10:59
mpiexec -n 1 ./src/start.x

# 2025-08-12 17:11:02
mpiexec -n 1 ./src/run.x

# 2025-08-12 17:12:32
/home/mgurgeni/pencil-code/bin/pc_build 
# make '-j' 'FFLAGS_DOUBLE=-fdefault-real-8 -fdefault-double-8' 'CFLAGS_DOUBLE=-DDOUBLE_PRECISION' 'LD_MPI=' 'CFLAGS_FFTW3=' 'FFLAGS_FFTW3=' 'LD_FFTW3=' 'CFLAGS_FFTW2=' 'FFLAGS_FFTW2=' 'LD_FFTW2=' 'FC=mpif90' 'F77=mpif77' 'FFLAGS=-O' 'LDFLAGS_HELPER=-dynamic' 'OMPFFLAGS=-fopenmp' 'OMPLFLAGS=-lgomp' 'PPFLAGS=-cpp' 'FSTD_95=-std=f95' 'FSTD_2003=-std=f2003' 'MODULE_PREFIX=__' 'MODULE_INFIX=_MOD_' 'MODULE_SUFFIX=' 'CC=mpicc' 'CFLAGS=-DFUNDERSC=1' 'default_to_be'

# 2025-08-12 17:12:36
mpiexec -n 1 ./src/start.x

# 2025-08-12 17:12:41
mpiexec -n 1 ./src/run.x

# 2025-08-12 17:19:03
mpiexec -n 1 ./src/run.x

# 2025-08-12 17:22:05
/home/mgurgeni/pencil-code/bin/pc_build 
# make '-j' 'FFLAGS_DOUBLE=-fdefault-real-8 -fdefault-double-8' 'CFLAGS_DOUBLE=-DDOUBLE_PRECISION' 'LD_MPI=' 'CFLAGS_FFTW3=' 'FFLAGS_FFTW3=' 'LD_FFTW3=' 'CFLAGS_FFTW2=' 'FFLAGS_FFTW2=' 'LD_FFTW2=' 'FC=mpif90' 'F77=mpif77' 'FFLAGS=-O' 'LDFLAGS_HELPER=-dynamic' 'OMPFFLAGS=-fopenmp' 'OMPLFLAGS=-lgomp' 'PPFLAGS=-cpp' 'FSTD_95=-std=f95' 'FSTD_2003=-std=f2003' 'MODULE_PREFIX=__' 'MODULE_INFIX=_MOD_' 'MODULE_SUFFIX=' 'CC=mpicc' 'CFLAGS=-DFUNDERSC=1' 'default_to_be'

# 2025-08-12 17:22:08
mpiexec -n 1 ./src/start.x

# 2025-08-12 17:23:49
mpiexec -n 1 ./src/start.x

# 2025-08-12 17:23:54
/home/mgurgeni/pencil-code/bin/pc_build 
# make '-j' 'FFLAGS_DOUBLE=-fdefault-real-8 -fdefault-double-8' 'CFLAGS_DOUBLE=-DDOUBLE_PRECISION' 'LD_MPI=' 'CFLAGS_FFTW3=' 'FFLAGS_FFTW3=' 'LD_FFTW3=' 'CFLAGS_FFTW2=' 'FFLAGS_FFTW2=' 'LD_FFTW2=' 'FC=mpif90' 'F77=mpif77' 'FFLAGS=-O' 'LDFLAGS_HELPER=-dynamic' 'OMPFFLAGS=-fopenmp' 'OMPLFLAGS=-lgomp' 'PPFLAGS=-cpp' 'FSTD_95=-std=f95' 'FSTD_2003=-std=f2003' 'MODULE_PREFIX=__' 'MODULE_INFIX=_MOD_' 'MODULE_SUFFIX=' 'CC=mpicc' 'CFLAGS=-DFUNDERSC=1' 'default_to_be'

# 2025-08-12 17:23:57
mpiexec -n 1 ./src/start.x

# 2025-08-12 17:24:01
mpiexec -n 1 ./src/run.x

# 2025-08-12 17:24:15
mpiexec -n 1 ./src/run.x

# 2025-08-12 17:24:32
mpiexec -n 1 ./src/run.x

# 2025-08-12 17:26:02
mpiexec -n 1 ./src/run.x

# 2025-08-12 17:33:03
mpiexec -n 1 ./src/run.x

# 2025-08-12 17:41:56
mpiexec -n 1 ./src/run.x

# 2025-08-12 17:50:40
mpiexec -n 1 ./src/run.x

# 2025-08-13 11:01:24
/home/mgurgeni/pencil-code/bin/pc_build 
# make '-j' 'FFLAGS_DOUBLE=-fdefault-real-8 -fdefault-double-8' 'CFLAGS_DOUBLE=-DDOUBLE_PRECISION' 'LD_MPI=' 'CFLAGS_FFTW3=' 'FFLAGS_FFTW3=' 'LD_FFTW3=' 'CFLAGS_FFTW2=' 'FFLAGS_FFTW2=' 'LD_FFTW2=' 'FC=mpif90' 'F77=mpif77' 'FFLAGS=-O' 'LDFLAGS_HELPER=-dynamic' 'OMPFFLAGS=-fopenmp' 'OMPLFLAGS=-lgomp' 'PPFLAGS=-cpp' 'FSTD_95=-std=f95' 'FSTD_2003=-std=f2003' 'MODULE_PREFIX=__' 'MODULE_INFIX=_MOD_' 'MODULE_SUFFIX=' 'CC=mpicc' 'CFLAGS=-DFUNDERSC=1' 'default_to_be'

# 2025-08-13 11:02:47
mpiexec -n 1 ./src/start.x

# 2025-08-13 11:02:51
mpiexec -n 1 ./src/run.x

# 2025-08-13 11:03:11
mpiexec -n 1 ./src/run.x

# 2025-08-13 11:03:32
mpiexec -n 1 ./src/run.x

# 2025-08-13 11:04:03
mpiexec -n 1 ./src/run.x

# 2025-08-13 11:07:01
mpiexec -n 1 ./src/run.x

# 2025-09-03 13:35:43
# copied from '/home/mgurgeni/programming/murman/CME/5012/1D/2048_gamma3_new_source7/'

# 2025-09-03 13:44:37
/home/mgurgeni/pencil-code/bin/pc_build 
# make '-j' 'FFLAGS_DOUBLE=-fdefault-real-8 -fdefault-double-8' 'CFLAGS_DOUBLE=-DDOUBLE_PRECISION' 'LD_MPI=' 'CFLAGS_FFTW3=' 'FFLAGS_FFTW3=' 'LD_FFTW3=' 'CFLAGS_FFTW2=' 'FFLAGS_FFTW2=' 'LD_FFTW2=' 'FC=mpif90' 'F77=mpif77' 'FFLAGS=-O' 'LDFLAGS_HELPER=-dynamic' 'OMPFFLAGS=-fopenmp' 'OMPLFLAGS=-lgomp' 'PPFLAGS=-cpp' 'FSTD_95=-std=f95' 'FSTD_2003=-std=f2003' 'MODULE_PREFIX=__' 'MODULE_INFIX=_MOD_' 'MODULE_SUFFIX=' 'CC=mpicc' 'CFLAGS=-DFUNDERSC=1' 'default_to_be'

# 2025-09-03 13:45:19
mpiexec -n 1 ./src/start.x

# 2025-09-03 13:45:24
mpiexec -n 1 ./src/run.x

# 2025-09-03 13:46:13
mpiexec -n 1 ./src/start.x

# 2025-09-03 13:46:16
mpiexec -n 1 ./src/run.x

# 2025-09-03 13:46:53
mpiexec -n 1 ./src/run.x

# 2025-09-03 13:47:32
mpiexec -n 1 ./src/run.x

# 2025-09-03 13:48:15
mpiexec -n 1 ./src/run.x

# 2025-09-03 13:53:44
mpiexec -n 1 ./src/run.x

# 2025-09-03 17:21:38
/home/mgurgeni/pencil-code/bin/pc_build 
# make '-j' 'FFLAGS_DOUBLE=-fdefault-real-8 -fdefault-double-8' 'CFLAGS_DOUBLE=-DDOUBLE_PRECISION' 'LD_MPI=' 'CFLAGS_FFTW3=' 'FFLAGS_FFTW3=' 'LD_FFTW3=' 'CFLAGS_FFTW2=' 'FFLAGS_FFTW2=' 'LD_FFTW2=' 'FC=mpif90' 'F77=mpif77' 'FFLAGS=-O' 'LDFLAGS_HELPER=-dynamic' 'OMPFFLAGS=-fopenmp' 'OMPLFLAGS=-lgomp' 'PPFLAGS=-cpp' 'FSTD_95=-std=f95' 'FSTD_2003=-std=f2003' 'MODULE_PREFIX=__' 'MODULE_INFIX=_MOD_' 'MODULE_SUFFIX=' 'CC=mpicc' 'CFLAGS=-DFUNDERSC=1' 'default_to_be'

# 2025-09-03 17:22:14
mpiexec -n 8 ./src/start.x

# 2025-09-03 17:22:55
mpiexec -n 8 ./src/run.x

# 2025-09-03 17:23:39
mpiexec -n 8 ./src/run.x

# 2025-09-03 17:24:11
mpiexec -n 8 ./src/run.x

# 2025-09-03 17:24:49
mpiexec -n 8 ./src/run.x

# 2025-09-03 17:26:20
mpiexec -n 8 ./src/run.x

# 2025-09-03 17:54:06
# copied from '/home/mgurgeni/programming/murman/CME/5012/1D_update/n2048_gammae3_nwes4e7_tphi5em2/'

# 2025-09-03 17:55:31
/home/mgurgeni/pencil-code/bin/pc_build 
# make '-j' 'FFLAGS_DOUBLE=-fdefault-real-8 -fdefault-double-8' 'CFLAGS_DOUBLE=-DDOUBLE_PRECISION' 'LD_MPI=' 'CFLAGS_FFTW3=' 'FFLAGS_FFTW3=' 'LD_FFTW3=' 'CFLAGS_FFTW2=' 'FFLAGS_FFTW2=' 'LD_FFTW2=' 'FC=mpif90' 'F77=mpif77' 'FFLAGS=-O' 'LDFLAGS_HELPER=-dynamic' 'OMPFFLAGS=-fopenmp' 'OMPLFLAGS=-lgomp' 'PPFLAGS=-cpp' 'FSTD_95=-std=f95' 'FSTD_2003=-std=f2003' 'MODULE_PREFIX=__' 'MODULE_INFIX=_MOD_' 'MODULE_SUFFIX=' 'CC=mpicc' 'CFLAGS=-DFUNDERSC=1' 'default_to_be'

# 2025-09-03 17:56:10
mpiexec -n 8 ./src/start.x

# 2025-09-03 17:56:14
mpiexec -n 8 ./src/run.x

# 2025-09-03 17:57:50
mpiexec -n 8 ./src/start.x

# 2025-09-03 17:57:54
mpiexec -n 8 ./src/run.x

# 2025-09-03 18:06:50
mpiexec -n 8 ./src/run.x

# 2025-09-03 18:07:08
mpiexec -n 8 ./src/run.x

# 2025-09-03 18:10:14
/home/mgurgeni/pencil-code/bin/pc_build 
# make '-j' 'FFLAGS_DOUBLE=-fdefault-real-8 -fdefault-double-8' 'CFLAGS_DOUBLE=-DDOUBLE_PRECISION' 'LD_MPI=' 'CFLAGS_FFTW3=' 'FFLAGS_FFTW3=' 'LD_FFTW3=' 'CFLAGS_FFTW2=' 'FFLAGS_FFTW2=' 'LD_FFTW2=' 'FC=mpif90' 'F77=mpif77' 'FFLAGS=-O' 'LDFLAGS_HELPER=-dynamic' 'OMPFFLAGS=-fopenmp' 'OMPLFLAGS=-lgomp' 'PPFLAGS=-cpp' 'FSTD_95=-std=f95' 'FSTD_2003=-std=f2003' 'MODULE_PREFIX=__' 'MODULE_INFIX=_MOD_' 'MODULE_SUFFIX=' 'CC=mpicc' 'CFLAGS=-DFUNDERSC=1' 'default_to_be'

# 2025-09-03 18:11:12
mpiexec -n 8 ./src/start.x

# 2025-09-03 18:11:15
mpiexec -n 8 ./src/run.x

# 2025-09-03 18:11:39
mpiexec -n 8 ./src/run.x

# 2025-09-03 18:12:15
mpiexec -n 8 ./src/run.x

# 2025-09-03 19:39:10
# copied from '/home/mgurgeni/programming/murman/CME/5012/1D_update/n2048_gammae3_nwes4e7_tphi5em2_k100/'

# 2025-09-03 19:39:44
/home/mgurgeni/pencil-code/bin/pc_build 
# make '-j' 'FFLAGS_DOUBLE=-fdefault-real-8 -fdefault-double-8' 'CFLAGS_DOUBLE=-DDOUBLE_PRECISION' 'LD_MPI=' 'CFLAGS_FFTW3=' 'FFLAGS_FFTW3=' 'LD_FFTW3=' 'CFLAGS_FFTW2=' 'FFLAGS_FFTW2=' 'LD_FFTW2=' 'FC=mpif90' 'F77=mpif77' 'FFLAGS=-O' 'LDFLAGS_HELPER=-dynamic' 'OMPFFLAGS=-fopenmp' 'OMPLFLAGS=-lgomp' 'PPFLAGS=-cpp' 'FSTD_95=-std=f95' 'FSTD_2003=-std=f2003' 'MODULE_PREFIX=__' 'MODULE_INFIX=_MOD_' 'MODULE_SUFFIX=' 'CC=mpicc' 'CFLAGS=-DFUNDERSC=1' 'default_to_be'

# 2025-09-03 19:40:12
/home/mgurgeni/pencil-code/bin/pc_build 
# make '-j' 'FFLAGS_DOUBLE=-fdefault-real-8 -fdefault-double-8' 'CFLAGS_DOUBLE=-DDOUBLE_PRECISION' 'LD_MPI=' 'CFLAGS_FFTW3=' 'FFLAGS_FFTW3=' 'LD_FFTW3=' 'CFLAGS_FFTW2=' 'FFLAGS_FFTW2=' 'LD_FFTW2=' 'FC=mpif90' 'F77=mpif77' 'FFLAGS=-O' 'LDFLAGS_HELPER=-dynamic' 'OMPFFLAGS=-fopenmp' 'OMPLFLAGS=-lgomp' 'PPFLAGS=-cpp' 'FSTD_95=-std=f95' 'FSTD_2003=-std=f2003' 'MODULE_PREFIX=__' 'MODULE_INFIX=_MOD_' 'MODULE_SUFFIX=' 'CC=mpicc' 'CFLAGS=-DFUNDERSC=1' 'default_to_be'

# 2025-09-03 19:41:45
mpiexec -n 8 ./src/start.x

# 2025-09-03 19:41:49
mpiexec -n 8 ./src/run.x

# 2025-09-03 19:42:01
mpiexec -n 8 ./src/run.x

# 2025-09-03 19:44:22
# copied from '/home/mgurgeni/programming/murman/CME/5012/1D_update/n1024_gammae3_nwes4e7_tphi5em2_k100/'

# 2025-09-03 19:45:12
/home/mgurgeni/pencil-code/bin/pc_build 
# make '-j' 'FFLAGS_DOUBLE=-fdefault-real-8 -fdefault-double-8' 'CFLAGS_DOUBLE=-DDOUBLE_PRECISION' 'LD_MPI=' 'CFLAGS_FFTW3=' 'FFLAGS_FFTW3=' 'LD_FFTW3=' 'CFLAGS_FFTW2=' 'FFLAGS_FFTW2=' 'LD_FFTW2=' 'FC=mpif90' 'F77=mpif77' 'FFLAGS=-O' 'LDFLAGS_HELPER=-dynamic' 'OMPFFLAGS=-fopenmp' 'OMPLFLAGS=-lgomp' 'PPFLAGS=-cpp' 'FSTD_95=-std=f95' 'FSTD_2003=-std=f2003' 'MODULE_PREFIX=__' 'MODULE_INFIX=_MOD_' 'MODULE_SUFFIX=' 'CC=mpicc' 'CFLAGS=-DFUNDERSC=1' 'default_to_be'

# 2025-09-03 19:45:51
mpiexec -n 8 ./src/start.x

# 2025-09-03 19:45:55
mpiexec -n 8 ./src/run.x

# 2025-09-03 19:46:10
mpiexec -n 8 ./src/run.x

# 2025-09-03 19:46:39
mpiexec -n 8 ./src/run.x

# 2025-09-03 19:47:36
mpiexec -n 8 ./src/run.x

# 2025-09-03 19:58:17
# copied from '/home/mgurgeni/programming/murman/CME/5012/1D_update/n8096_gammae3_nwes4e7_tphi5em2_k100/'

# 2025-09-03 19:59:09
/home/mgurgeni/pencil-code/bin/pc_build 
# make '-j' 'FFLAGS_DOUBLE=-fdefault-real-8 -fdefault-double-8' 'CFLAGS_DOUBLE=-DDOUBLE_PRECISION' 'LD_MPI=' 'CFLAGS_FFTW3=' 'FFLAGS_FFTW3=' 'LD_FFTW3=' 'CFLAGS_FFTW2=' 'FFLAGS_FFTW2=' 'LD_FFTW2=' 'FC=mpif90' 'F77=mpif77' 'FFLAGS=-O' 'LDFLAGS_HELPER=-dynamic' 'OMPFFLAGS=-fopenmp' 'OMPLFLAGS=-lgomp' 'PPFLAGS=-cpp' 'FSTD_95=-std=f95' 'FSTD_2003=-std=f2003' 'MODULE_PREFIX=__' 'MODULE_INFIX=_MOD_' 'MODULE_SUFFIX=' 'CC=mpicc' 'CFLAGS=-DFUNDERSC=1' 'default_to_be'

# 2025-09-03 19:59:56
mpiexec -n 8 ./src/start.x

# 2025-09-03 20:00:00
mpiexec -n 8 ./src/run.x

# 2025-09-04 10:09:58
mpiexec -n 8 ./src/run.x

# 2025-09-04 10:11:55
mpiexec -n 8 ./src/run.x

# 2025-09-08 21:09:30
/home/mgurgeni/pencil-code/bin/pc_build 
# make '-j' 'FFLAGS_DOUBLE=-fdefault-real-8 -fdefault-double-8' 'CFLAGS_DOUBLE=-DDOUBLE_PRECISION' 'LD_MPI=' 'CFLAGS_FFTW3=' 'FFLAGS_FFTW3=' 'LD_FFTW3=' 'CFLAGS_FFTW2=' 'FFLAGS_FFTW2=' 'LD_FFTW2=' 'FC=mpif90' 'F77=mpif77' 'FFLAGS=-O' 'LDFLAGS_HELPER=-dynamic' 'OMPFFLAGS=-fopenmp' 'OMPLFLAGS=-lgomp' 'PPFLAGS=-cpp' 'FSTD_95=-std=f95' 'FSTD_2003=-std=f2003' 'MODULE_PREFIX=__' 'MODULE_INFIX=_MOD_' 'MODULE_SUFFIX=' 'CC=mpicc' 'CFLAGS=-DFUNDERSC=1' 'default_to_be'

# 2025-09-08 21:13:31
mpiexec -n 8 ./src/start.x

# 2025-09-08 21:13:39
mpiexec -n 8 ./src/run.x

# 2025-09-08 21:14:06
mpiexec -n 8 ./src/run.x

# 2025-09-08 21:15:44
mpiexec -n 8 ./src/run.x

# 2025-09-08 21:18:43
mpiexec -n 8 ./src/run.x

# 2025-09-08 21:22:43
mpiexec -n 8 ./src/run.x

# 2025-09-08 21:41:43
mpiexec -n 8 ./src/run.x

# 2025-09-08 22:43:55
# copied from '/home/mgurgeni/programming/murman/CME/5012/1D_update/n16384_gammae3_news4e7_tphi5em2_k100/'

# 2025-09-08 22:44:46
/home/mgurgeni/pencil-code/bin/pc_build 
# make '-j' 'FFLAGS_DOUBLE=-fdefault-real-8 -fdefault-double-8' 'CFLAGS_DOUBLE=-DDOUBLE_PRECISION' 'LD_MPI=' 'CFLAGS_FFTW3=' 'FFLAGS_FFTW3=' 'LD_FFTW3=' 'CFLAGS_FFTW2=' 'FFLAGS_FFTW2=' 'LD_FFTW2=' 'FC=mpif90' 'F77=mpif77' 'FFLAGS=-O' 'LDFLAGS_HELPER=-dynamic' 'OMPFFLAGS=-fopenmp' 'OMPLFLAGS=-lgomp' 'PPFLAGS=-cpp' 'FSTD_95=-std=f95' 'FSTD_2003=-std=f2003' 'MODULE_PREFIX=__' 'MODULE_INFIX=_MOD_' 'MODULE_SUFFIX=' 'CC=mpicc' 'CFLAGS=-DFUNDERSC=1' 'default_to_be'

# 2025-09-08 22:46:51
/home/mgurgeni/pencil-code/bin/pc_build 
# make '-j' 'FFLAGS_DOUBLE=-fdefault-real-8 -fdefault-double-8' 'CFLAGS_DOUBLE=-DDOUBLE_PRECISION' 'LD_MPI=' 'CFLAGS_FFTW3=' 'FFLAGS_FFTW3=' 'LD_FFTW3=' 'CFLAGS_FFTW2=' 'FFLAGS_FFTW2=' 'LD_FFTW2=' 'FC=mpif90' 'F77=mpif77' 'FFLAGS=-O' 'LDFLAGS_HELPER=-dynamic' 'OMPFFLAGS=-fopenmp' 'OMPLFLAGS=-lgomp' 'PPFLAGS=-cpp' 'FSTD_95=-std=f95' 'FSTD_2003=-std=f2003' 'MODULE_PREFIX=__' 'MODULE_INFIX=_MOD_' 'MODULE_SUFFIX=' 'CC=mpicc' 'CFLAGS=-DFUNDERSC=1' 'default_to_be'

# 2025-09-08 22:47:00
mpiexec -n 8 ./src/start.x

# 2025-09-08 22:47:08
mpiexec -n 8 ./src/run.x

# 2025-09-08 22:47:38
mpiexec -n 8 ./src/run.x

# 2025-09-08 22:53:30
mpiexec -n 8 ./src/run.x

# 2025-09-08 23:10:52
mpiexec -n 8 ./src/run.x

# 2025-09-09 08:04:08
mpiexec -n 8 ./src/run.x
